<?xml version="1.0" encoding="UTF-8"?>
<!-- Generated by org.testng.reporters.JUnitXMLReporter -->
<testsuite ignored="0" hostname="LTIN233315" failures="0" tests="14" name="Test" time="80.081" errors="0" timestamp="2024-02-14T15:41:12 IST">
  <testcase classname="testCases.TC01_MmtHomeTest" name="clickOnCabsTest" time="7.637"/>
  <testcase classname="testCases.TC01_MmtHomeTest" name="inputfromCityTest" time="2.068"/>
  <testcase classname="testCases.TC01_MmtHomeTest" name="inputToCityTest" time="2.529"/>
  <testcase classname="testCases.TC01_MmtHomeTest" name="inputDateTest" time="0.409"/>
  <testcase classname="testCases.TC01_MmtHomeTest" name="inputTimeTest" time="1.577"/>
  <testcase classname="testCases.TC01_MmtHomeTest" name="clickOnSearchTest" time="7.002"/>
  <testcase classname="testCases.TC02_MmtResultPageTest" name="selectSUVTest" time="0.78"/>
  <testcase classname="testCases.TC02_MmtResultPageTest" name="selectLowestPriceTest" time="2.211"/>
  <testcase classname="testCases.TC02_MmtResultPageTest" name="selectGiftTest" time="6.122"/>
  <testcase classname="testCases.TC03_GiftCardsTest" name="selectWeddingCardTest" time="4.131"/>
  <testcase classname="testCases.TC04_SenderDetailsTest" name="inputSenderandrecipientsDetailsTest" time="3.278"/>
  <testcase classname="testCases.TC04_SenderDetailsTest" name="getAlertMsgTest" time="0.59"/>
  <testcase classname="testCases.TC04_SenderDetailsTest" name="goToHotelsTest" time="1.375"/>
  <testcase classname="testCases.TC04_SenderDetailsTest" name="getNumberOfPeopleTest" time="5.669"/>
</testsuite> <!-- Test -->
