<?xml version="1.0" encoding="UTF-8"?>
<!-- Generated by org.testng.reporters.JUnitXMLReporter -->
<testsuite ignored="0" hostname="LTIN233315" failures="0" tests="8" name="Test" time="36.523" errors="0" timestamp="2024-02-13T11:51:07 IST">
  <testcase classname="testCases.TC01_MmtHomeTest" name="clickOnCabsTest" time="5.326"/>
  <testcase classname="testCases.TC01_MmtHomeTest" name="inputfromCityTest" time="0.846"/>
  <testcase classname="testCases.TC01_MmtHomeTest" name="inputToCityTest" time="0.922"/>
  <testcase classname="testCases.TC01_MmtHomeTest" name="inputDateTest" time="0.207"/>
  <testcase classname="testCases.TC01_MmtHomeTest" name="inputTimeTest" time="1.132"/>
  <testcase classname="testCases.TC01_MmtHomeTest" name="clickOnSearchTest" time="3.065"/>
  <testcase classname="testCases.TC02_MmtResultPageTest" name="selectSUVTest" time="1.931"/>
  <testcase classname="testCases.TC02_MmtResultPageTest" name="selectLowestPriceTest" time="2.089"/>
</testsuite> <!-- Test -->
