<?xml version="1.0" encoding="UTF-8"?>
<testng-results ignored="0" total="14" passed="14" failed="0" skipped="0">
  <reporter-output>
  </reporter-output>
  <suite started-at="2024-02-14T15:39:40 IST" name="Suite" finished-at="2024-02-14T15:41:00 IST" duration-ms="80081">
    <groups>
      <group name="smoke,regression">
        <method signature="TC02_MmtResultPageTest.selectLowestPriceTest()[pri:8, instance:testCases.TC04_SenderDetailsTest@710c2b53]" name="selectLowestPriceTest" class="testCases.TC02_MmtResultPageTest"/>
        <method signature="TC04_SenderDetailsTest.getAlertMsgTest()[pri:12, instance:testCases.TC04_SenderDetailsTest@710c2b53]" name="getAlertMsgTest" class="testCases.TC04_SenderDetailsTest"/>
        <method signature="TC04_SenderDetailsTest.getNumberOfPeopleTest()[pri:14, instance:testCases.TC04_SenderDetailsTest@710c2b53]" name="getNumberOfPeopleTest" class="testCases.TC04_SenderDetailsTest"/>
      </group> <!-- smoke,regression -->
      <group name="regression">
        <method signature="TC02_MmtResultPageTest.selectSUVTest()[pri:7, instance:testCases.TC04_SenderDetailsTest@710c2b53]" name="selectSUVTest" class="testCases.TC02_MmtResultPageTest"/>
        <method signature="TC02_MmtResultPageTest.selectGiftTest()[pri:9, instance:testCases.TC04_SenderDetailsTest@710c2b53]" name="selectGiftTest" class="testCases.TC02_MmtResultPageTest"/>
        <method signature="TC03_GiftCardsTest.selectWeddingCardTest()[pri:10, instance:testCases.TC04_SenderDetailsTest@710c2b53]" name="selectWeddingCardTest" class="testCases.TC03_GiftCardsTest"/>
        <method signature="TC04_SenderDetailsTest.inputSenderandrecipientsDetailsTest()[pri:11, instance:testCases.TC04_SenderDetailsTest@710c2b53]" name="inputSenderandrecipientsDetailsTest" class="testCases.TC04_SenderDetailsTest"/>
        <method signature="TC04_SenderDetailsTest.goToHotelsTest()[pri:13, instance:testCases.TC04_SenderDetailsTest@710c2b53]" name="goToHotelsTest" class="testCases.TC04_SenderDetailsTest"/>
      </group> <!-- regression -->
      <group name="sanity">
        <method signature="TC01_MmtHomeTest.clickOnCabsTest()[pri:1, instance:testCases.TC04_SenderDetailsTest@710c2b53]" name="clickOnCabsTest" class="testCases.TC01_MmtHomeTest"/>
        <method signature="TC01_MmtHomeTest.clickOnSearchTest()[pri:6, instance:testCases.TC04_SenderDetailsTest@710c2b53]" name="clickOnSearchTest" class="testCases.TC01_MmtHomeTest"/>
      </group> <!-- sanity -->
      <group name="smoke,sanity">
        <method signature="TC01_MmtHomeTest.inputfromCityTest()[pri:2, instance:testCases.TC04_SenderDetailsTest@710c2b53]" name="inputfromCityTest" class="testCases.TC01_MmtHomeTest"/>
        <method signature="TC01_MmtHomeTest.inputToCityTest()[pri:3, instance:testCases.TC04_SenderDetailsTest@710c2b53]" name="inputToCityTest" class="testCases.TC01_MmtHomeTest"/>
        <method signature="TC01_MmtHomeTest.inputDateTest()[pri:4, instance:testCases.TC04_SenderDetailsTest@710c2b53]" name="inputDateTest" class="testCases.TC01_MmtHomeTest"/>
        <method signature="TC01_MmtHomeTest.inputTimeTest()[pri:5, instance:testCases.TC04_SenderDetailsTest@710c2b53]" name="inputTimeTest" class="testCases.TC01_MmtHomeTest"/>
      </group> <!-- smoke,sanity -->
    </groups>
    <test started-at="2024-02-14T15:39:40 IST" name="Test" finished-at="2024-02-14T15:41:00 IST" duration-ms="80081">
      <class name="testCases.TC04_SenderDetailsTest">
        <test-method is-config="true" signature="setup(java.lang.String,java.lang.String)[pri:0, instance:testCases.TC04_SenderDetailsTest@710c2b53]" started-at="2024-02-14T15:39:40 IST" name="setup" finished-at="2024-02-14T15:40:05 IST" duration-ms="24867" status="PASS">
          <params>
            <param index="0">
              <value>
                <![CDATA[windows]]>
              </value>
            </param>
            <param index="1">
              <value>
                <![CDATA[chrome]]>
              </value>
            </param>
          </params>
          <reporter-output>
          </reporter-output>
        </test-method> <!-- setup -->
        <test-method signature="clickOnCabsTest()[pri:1, instance:testCases.TC04_SenderDetailsTest@710c2b53]" started-at="2024-02-14T15:40:05 IST" name="clickOnCabsTest" finished-at="2024-02-14T15:40:13 IST" duration-ms="7637" status="PASS">
          <reporter-output>
          </reporter-output>
        </test-method> <!-- clickOnCabsTest -->
        <test-method signature="inputfromCityTest()[pri:2, instance:testCases.TC04_SenderDetailsTest@710c2b53]" started-at="2024-02-14T15:40:14 IST" name="inputfromCityTest" finished-at="2024-02-14T15:40:16 IST" duration-ms="2068" status="PASS">
          <reporter-output>
          </reporter-output>
        </test-method> <!-- inputfromCityTest -->
        <test-method signature="inputToCityTest()[pri:3, instance:testCases.TC04_SenderDetailsTest@710c2b53]" started-at="2024-02-14T15:40:16 IST" name="inputToCityTest" finished-at="2024-02-14T15:40:19 IST" duration-ms="2529" status="PASS">
          <reporter-output>
          </reporter-output>
        </test-method> <!-- inputToCityTest -->
        <test-method signature="inputDateTest()[pri:4, instance:testCases.TC04_SenderDetailsTest@710c2b53]" started-at="2024-02-14T15:40:19 IST" name="inputDateTest" finished-at="2024-02-14T15:40:20 IST" duration-ms="409" status="PASS">
          <reporter-output>
          </reporter-output>
        </test-method> <!-- inputDateTest -->
        <test-method signature="inputTimeTest()[pri:5, instance:testCases.TC04_SenderDetailsTest@710c2b53]" started-at="2024-02-14T15:40:20 IST" name="inputTimeTest" finished-at="2024-02-14T15:40:22 IST" duration-ms="1577" status="PASS">
          <reporter-output>
          </reporter-output>
        </test-method> <!-- inputTimeTest -->
        <test-method signature="clickOnSearchTest()[pri:6, instance:testCases.TC04_SenderDetailsTest@710c2b53]" started-at="2024-02-14T15:40:22 IST" name="clickOnSearchTest" finished-at="2024-02-14T15:40:29 IST" duration-ms="7002" status="PASS">
          <reporter-output>
          </reporter-output>
        </test-method> <!-- clickOnSearchTest -->
        <test-method signature="selectSUVTest()[pri:7, instance:testCases.TC04_SenderDetailsTest@710c2b53]" started-at="2024-02-14T15:40:30 IST" name="selectSUVTest" finished-at="2024-02-14T15:40:31 IST" duration-ms="780" status="PASS">
          <reporter-output>
          </reporter-output>
        </test-method> <!-- selectSUVTest -->
        <test-method signature="selectLowestPriceTest()[pri:8, instance:testCases.TC04_SenderDetailsTest@710c2b53]" started-at="2024-02-14T15:40:31 IST" name="selectLowestPriceTest" finished-at="2024-02-14T15:40:33 IST" duration-ms="2211" status="PASS">
          <reporter-output>
          </reporter-output>
        </test-method> <!-- selectLowestPriceTest -->
        <test-method signature="selectGiftTest()[pri:9, instance:testCases.TC04_SenderDetailsTest@710c2b53]" started-at="2024-02-14T15:40:34 IST" name="selectGiftTest" finished-at="2024-02-14T15:40:40 IST" duration-ms="6122" status="PASS">
          <reporter-output>
          </reporter-output>
        </test-method> <!-- selectGiftTest -->
        <test-method signature="selectWeddingCardTest()[pri:10, instance:testCases.TC04_SenderDetailsTest@710c2b53]" started-at="2024-02-14T15:40:40 IST" name="selectWeddingCardTest" finished-at="2024-02-14T15:40:45 IST" duration-ms="4131" status="PASS">
          <reporter-output>
          </reporter-output>
        </test-method> <!-- selectWeddingCardTest -->
        <test-method signature="inputSenderandrecipientsDetailsTest()[pri:11, instance:testCases.TC04_SenderDetailsTest@710c2b53]" started-at="2024-02-14T15:40:45 IST" name="inputSenderandrecipientsDetailsTest" finished-at="2024-02-14T15:40:48 IST" duration-ms="3278" status="PASS">
          <reporter-output>
          </reporter-output>
        </test-method> <!-- inputSenderandrecipientsDetailsTest -->
        <test-method signature="getAlertMsgTest()[pri:12, instance:testCases.TC04_SenderDetailsTest@710c2b53]" started-at="2024-02-14T15:40:49 IST" name="getAlertMsgTest" finished-at="2024-02-14T15:40:49 IST" duration-ms="590" status="PASS">
          <reporter-output>
          </reporter-output>
        </test-method> <!-- getAlertMsgTest -->
        <test-method signature="goToHotelsTest()[pri:13, instance:testCases.TC04_SenderDetailsTest@710c2b53]" started-at="2024-02-14T15:40:50 IST" name="goToHotelsTest" finished-at="2024-02-14T15:40:51 IST" duration-ms="1375" status="PASS">
          <reporter-output>
          </reporter-output>
        </test-method> <!-- goToHotelsTest -->
        <test-method signature="getNumberOfPeopleTest()[pri:14, instance:testCases.TC04_SenderDetailsTest@710c2b53]" started-at="2024-02-14T15:40:52 IST" name="getNumberOfPeopleTest" finished-at="2024-02-14T15:40:58 IST" duration-ms="5669" status="PASS">
          <reporter-output>
          </reporter-output>
        </test-method> <!-- getNumberOfPeopleTest -->
        <test-method is-config="true" signature="tearDown()[pri:0, instance:testCases.TC04_SenderDetailsTest@710c2b53]" started-at="2024-02-14T15:40:58 IST" name="tearDown" finished-at="2024-02-14T15:41:00 IST" duration-ms="1533" status="PASS">
          <reporter-output>
          </reporter-output>
        </test-method> <!-- tearDown -->
      </class> <!-- testCases.TC04_SenderDetailsTest -->
    </test> <!-- Test -->
  </suite> <!-- Suite -->
</testng-results>
